<?xml version="1.0" encoding="UTF-8"?>
<testsuite xmlns:xsi="http://www.w3.org/2001/XMLSchema-instance" xsi:noNamespaceSchemaLocation="https://maven.apache.org/surefire/maven-surefire-plugin/xsd/surefire-test-report-3.0.xsd" version="3.0" name="com.example.appium.IOSTest" time="0.434" tests="1" errors="1" skipped="0" failures="0">
  <properties>
[...]
</properties>
  <testcase name="" classname="com.example.appium.IOSTest" time="0.434">
    <error message="Could not start a new session. Response code 500. Message: An unknown server-side error occurred while processing the command. Original error: Unknown device or simulator UDID: &apos;00008110-00042C110213A01E&apos; &#10;Host info: host: &apos;KX0WMKQ4T7&apos;, ip: &apos;fe80:0:0:0:1418:27ca:31f4:d0d5%en0&apos;&#10;Build info: version: &apos;4.28.1&apos;, revision: &apos;73f5ad48a2&apos;&#10;System info: os.name: &apos;Mac OS X&apos;, os.arch: &apos;aarch64&apos;, os.version: &apos;15.3&apos;, java.version: &apos;21.0.3&apos;&#10;Driver info: io.appium.java_client.AppiumDriver&#10;Command: [null, newSession {desiredCapabilities=Capabilities {automationName: XCUITest, bundleId: com.trustly.app.trustlyalph..., deviceName: iPhone 14, platformName: IOS, platformVersion: 18.1.1, udid: 00008110-00042C110213A01E, useNewWDA: false}, capabilities=[{appium:platformVersion=18.1.1, appium:useNewWDA=false, platformName=IOS, appium:automationName=XCUITest, appium:deviceName=iPhone 14, appium:udid=00008110-00042C110213A01E, appium:bundleId=com.trustly.app.trustlyalpha.dev}]}]&#10;Capabilities {automationName: XCUITest, bundleId: com.trustly.app.trustlyalph..., deviceName: iPhone 14, platformName: IOS, platformVersion: 18.1.1, udid: 00008110-00042C110213A01E, useNewWDA: false}" type="org.openqa.selenium.SessionNotCreatedException"><![CDATA[org.openqa.selenium.SessionNotCreatedException: 
Could not start a new session. Response code 500. Message: An unknown server-side error occurred while processing the command. Original error: Unknown device or simulator UDID: '00008110-00042C110213A01E' 
Host info: host: 'KX0WMKQ4T7', ip: 'fe80:0:0:0:1418:27ca:31f4:d0d5%en0'
Build info: version: '4.28.1', revision: '73f5ad48a2'
System info: os.name: 'Mac OS X', os.arch: 'aarch64', os.version: '15.3', java.version: '21.0.3'
Driver info: io.appium.java_client.AppiumDriver
Command: [null, newSession {desiredCapabilities=Capabilities {automationName: XCUITest, bundleId: com.trustly.app.trustlyalph..., deviceName: iPhone 14, platformName: IOS, platformVersion: 18.1.1, udid: 00008110-00042C110213A01E, useNewWDA: false}, capabilities=[{appium:platformVersion=18.1.1, appium:useNewWDA=false, platformName=IOS, appium:automationName=XCUITest, appium:deviceName=iPhone 14, appium:udid=00008110-00042C110213A01E, appium:bundleId=com.trustly.app.trustlyalpha.dev}]}]
Capabilities {automationName: XCUITest, bundleId: com.trustly.app.trustlyalph..., deviceName: iPhone 14, platformName: IOS, platformVersion: 18.1.1, udid: 00008110-00042C110213A01E, useNewWDA: false}
	at org.openqa.selenium.remote.ProtocolHandshake.createSession(ProtocolHandshake.java:114)
	at java.base/java.lang.reflect.Method.invoke(Method.java:580)
	at io.appium.java_client.remote.AppiumProtocolHandshake.createSession(AppiumProtocolHandshake.java:116)
	at io.appium.java_client.remote.AppiumProtocolHandshake.createSession(AppiumProtocolHandshake.java:96)
	at io.appium.java_client.remote.AppiumCommandExecutor.createSession(AppiumCommandExecutor.java:176)
	at io.appium.java_client.remote.AppiumCommandExecutor.execute(AppiumCommandExecutor.java:237)
	at org.openqa.selenium.remote.RemoteWebDriver.execute(RemoteWebDriver.java:545)
	at io.appium.java_client.AppiumDriver.startSession(AppiumDriver.java:268)
	at org.openqa.selenium.remote.RemoteWebDriver.<init>(RemoteWebDriver.java:174)
	at io.appium.java_client.AppiumDriver.<init>(AppiumDriver.java:90)
	at io.appium.java_client.AppiumDriver.<init>(AppiumDriver.java:102)
	at com.example.appium.IOSTest.setUp(IOSTest.java:44)
	at java.base/java.lang.reflect.Method.invoke(Method.java:580)
	at java.base/java.util.ArrayList.forEach(ArrayList.java:1596)
]]></error>
  </testcase>
</testsuite>